\BOOKMARK [1][-]{section*.4}{Introduction}{}% 1
\BOOKMARK [2][-]{section*.5}{Public and private:}{section*.4}% 2
\BOOKMARK [3][-]{section*.6}{Aesthetic and Electronic Customizability:}{section*.5}% 3
\BOOKMARK [3][-]{section*.7}{Biocompatibility:}{section*.5}% 4
\BOOKMARK [1][-]{section*.8}{Related Work}{}% 5
\BOOKMARK [2][-]{section*.9}{Optical Projection}{section*.8}% 6
\BOOKMARK [2][-]{section*.10}{polymer On-skin Overlay}{section*.8}% 7
\BOOKMARK [2][-]{section*.11}{Epidermal Electronics}{section*.8}% 8
\BOOKMARK [1][-]{section*.12}{Fabrication}{}% 9
\BOOKMARK [2][-]{section*.13}{Material selection}{section*.12}% 10
\BOOKMARK [2][-]{section*.14}{Fabrication Process}{section*.12}% 11
\BOOKMARK [2][-]{section*.15}{Designing the Visual Appearance of Skintillates}{section*.12}% 12
\BOOKMARK [1][-]{section*.16}{Example Applications}{}% 13
\BOOKMARK [2][-]{section*.17}{On-skin Display}{section*.16}% 14
\BOOKMARK [2][-]{section*.18}{Multi-layer Display}{section*.16}% 15
\BOOKMARK [2][-]{section*.19}{Sensing}{section*.16}% 16
\BOOKMARK [2][-]{section*.20}{Strain Gauge}{section*.16}% 17
\BOOKMARK [1][-]{section*.21}{user study}{}% 18
\BOOKMARK [1][-]{section*.22}{Discussion and limitation}{}% 19
\BOOKMARK [1][-]{section*.23}{conclusion}{}% 20
\BOOKMARK [1][-]{section*.24}{Acknowledgments}{}% 21
\BOOKMARK [1][-]{section*.25}{REFERENCES }{}% 22
